1621695932056	geckodriver	INFO	Listening on 127.0.0.1:60377
1621695935072	mozrunner::runner	INFO	Running command: "C:\\Program Files\\Mozilla Firefox\\firefox.exe" "--marionette" "-foreground" "-no-remote" "-profile" "C:\\Users\\ADMINI~1\\AppData\\Local\\Temp\\2\\rust_mozprofileRly38a"
1621695935562	Marionette	INFO	Marionette enabled
console.warn: SearchSettings: "get: No settings file exists, new profile?" (new Error("", "(unknown module)"))
1621695936823	Marionette	INFO	Listening on port 60389
1621695937256	Marionette	WARN	TLS certificate errors will be ignored for this session
1621695938395	Marionette	INFO	Stopped listening on port 60389

###!!! [Child][RunMessage] Error: Channel closing: too late to send/recv, messages will be lost

1621695938939	geckodriver	INFO	Listening on 127.0.0.1:60442
1621695941926	mozrunner::runner	INFO	Running command: "C:\\Program Files\\Mozilla Firefox\\firefox.exe" "--marionette" "-foreground" "-no-remote" "-profile" "C:\\Users\\ADMINI~1\\AppData\\Local\\Temp\\2\\rust_mozprofilekMZt0D"
1621695942291	Marionette	INFO	Marionette enabled
console.warn: SearchSettings: "get: No settings file exists, new profile?" (new Error("", "(unknown module)"))
1621695943613	Marionette	INFO	Listening on port 60452
1621695944099	Marionette	WARN	TLS certificate errors will be ignored for this session
1621695947272	Marionette	INFO	Stopped listening on port 60452

###!!! [Child][RunMessage] Error: Channel closing: too late to send/recv, messages will be lost

1621696031429	geckodriver	INFO	Listening on 127.0.0.1:60626
1621696034474	mozrunner::runner	INFO	Running command: "C:\\Program Files\\Mozilla Firefox\\firefox.exe" "--marionette" "-foreground" "-no-remote" "-profile" "C:\\Users\\ADMINI~1\\AppData\\Local\\Temp\\2\\rust_mozprofileYYEY0v"
1621696034809	Marionette	INFO	Marionette enabled
console.warn: SearchSettings: "get: No settings file exists, new profile?" (new Error("", "(unknown module)"))
1621696035981	Marionette	INFO	Listening on port 60636
1621696036117	Marionette	WARN	TLS certificate errors will be ignored for this session
1621696037277	Marionette	INFO	Stopped listening on port 60636

###!!! [Child][RunMessage] Error: Channel closing: too late to send/recv, messages will be lost

1621696037841	geckodriver	INFO	Listening on 127.0.0.1:60690
1621696040848	mozrunner::runner	INFO	Running command: "C:\\Program Files\\Mozilla Firefox\\firefox.exe" "--marionette" "-foreground" "-no-remote" "-profile" "C:\\Users\\ADMINI~1\\AppData\\Local\\Temp\\2\\rust_mozprofileJVVWff"
1621696041184	Marionette	INFO	Marionette enabled
console.warn: SearchSettings: "get: No settings file exists, new profile?" (new Error("", "(unknown module)"))
1621696042321	Marionette	INFO	Listening on port 60702
1621696042484	Marionette	WARN	TLS certificate errors will be ignored for this session
1621696044988	Marionette	INFO	Stopped listening on port 60702
JavaScript error: https://admin-demo.nopcommerce.com/lib_npm/jquery/jquery.min.js, line 2: NS_ERROR_NOT_INITIALIZED: 

###!!! [Child][RunMessage] Error: Channel closing: too late to send/recv, messages will be lost

1621703045351	geckodriver	INFO	Listening on 127.0.0.1:65205
1621703048370	mozrunner::runner	INFO	Running command: "C:\\Program Files\\Mozilla Firefox\\firefox.exe" "--marionette" "-foreground" "-no-remote" "-profile" "C:\\Users\\ADMINI~1\\AppData\\Local\\Temp\\2\\rust_mozprofileKtGSve"
1621703048729	Marionette	INFO	Marionette enabled
console.warn: SearchSettings: "get: No settings file exists, new profile?" (new Error("", "(unknown module)"))
1621703050000	Marionette	INFO	Listening on port 65213
1621703050026	Marionette	WARN	TLS certificate errors will be ignored for this session
1621703051205	Marionette	INFO	Stopped listening on port 65213

###!!! [Child][RunMessage] Error: Channel closing: too late to send/recv, messages will be lost

1621703051745	geckodriver	INFO	Listening on 127.0.0.1:65261
1621703054764	mozrunner::runner	INFO	Running command: "C:\\Program Files\\Mozilla Firefox\\firefox.exe" "--marionette" "-foreground" "-no-remote" "-profile" "C:\\Users\\ADMINI~1\\AppData\\Local\\Temp\\2\\rust_mozprofilesaaXFW"
1621703055109	Marionette	INFO	Marionette enabled
console.warn: SearchSettings: "get: No settings file exists, new profile?" (new Error("", "(unknown module)"))
1621703056398	Marionette	INFO	Listening on port 65269
1621703056425	Marionette	WARN	TLS certificate errors will be ignored for this session
1621703058809	Marionette	INFO	Stopped listening on port 65269
JavaScript error: https://admin-demo.nopcommerce.com/lib_npm/jquery/jquery.min.js, line 2: NS_ERROR_NOT_INITIALIZED: 

###!!! [Child][RunMessage] Error: Channel closing: too late to send/recv, messages will be lost

1621703426265	geckodriver	INFO	Listening on 127.0.0.1:65359
1621703429287	mozrunner::runner	INFO	Running command: "C:\\Program Files\\Mozilla Firefox\\firefox.exe" "--marionette" "-foreground" "-no-remote" "-profile" "C:\\Users\\ADMINI~1\\AppData\\Local\\Temp\\2\\rust_mozprofileBe007F"
1621703429635	Marionette	INFO	Marionette enabled
console.warn: SearchSettings: "get: No settings file exists, new profile?" (new Error("", "(unknown module)"))
1621703430918	Marionette	INFO	Listening on port 65367
1621703431423	Marionette	WARN	TLS certificate errors will be ignored for this session
1621703432556	Marionette	INFO	Stopped listening on port 65367

###!!! [Child][RunMessage] Error: Channel closing: too late to send/recv, messages will be lost

1621703433234	geckodriver	INFO	Listening on 127.0.0.1:65417
1621703436241	mozrunner::runner	INFO	Running command: "C:\\Program Files\\Mozilla Firefox\\firefox.exe" "--marionette" "-foreground" "-no-remote" "-profile" "C:\\Users\\ADMINI~1\\AppData\\Local\\Temp\\2\\rust_mozprofilewA72dV"
1621703436580	Marionette	INFO	Marionette enabled
console.warn: SearchSettings: "get: No settings file exists, new profile?" (new Error("", "(unknown module)"))
1621703437771	Marionette	INFO	Listening on port 65425
1621703437876	Marionette	WARN	TLS certificate errors will be ignored for this session
1621703440302	Marionette	INFO	Stopped listening on port 65425
JavaScript error: https://admin-demo.nopcommerce.com/lib_npm/jquery/jquery.min.js, line 2: NS_ERROR_NOT_INITIALIZED: 
[Parent 16332, IPC I/O Parent] WARNING: file /builds/worker/checkouts/gecko/ipc/chromium/src/base/process_util_win.cc:167

###!!! [Child][RunMessage] Error: Channel closing: too late to send/recv, messages will be lost

1621716189088	geckodriver	INFO	Listening on 127.0.0.1:49362
1621716192095	mozrunner::runner	INFO	Running command: "C:\\Program Files\\Mozilla Firefox\\firefox.exe" "--marionette" "-foreground" "-no-remote" "-profile" "C:\\Users\\ADMINI~1\\AppData\\Local\\Temp\\2\\rust_mozprofile8eGlhy"
1621716192437	Marionette	INFO	Marionette enabled
console.warn: SearchSettings: "get: No settings file exists, new profile?" (new Error("", "(unknown module)"))
1621716193771	Marionette	INFO	Listening on port 49370
1621716194231	Marionette	WARN	TLS certificate errors will be ignored for this session
1621716195410	Marionette	INFO	Stopped listening on port 49370

###!!! [Child][RunMessage] Error: Channel closing: too late to send/recv, messages will be lost

1621716195986	geckodriver	INFO	Listening on 127.0.0.1:49419
1621716198978	mozrunner::runner	INFO	Running command: "C:\\Program Files\\Mozilla Firefox\\firefox.exe" "--marionette" "-foreground" "-no-remote" "-profile" "C:\\Users\\ADMINI~1\\AppData\\Local\\Temp\\2\\rust_mozprofileFOonER"
1621716199383	Marionette	INFO	Marionette enabled
console.warn: SearchSettings: "get: No settings file exists, new profile?" (new Error("", "(unknown module)"))
1621716200528	Marionette	INFO	Listening on port 49427
1621716200681	Marionette	WARN	TLS certificate errors will be ignored for this session
1621716204113	Marionette	INFO	Stopped listening on port 49427
JavaScript error: https://admin-demo.nopcommerce.com/lib_npm/jquery/jquery.min.js, line 2: NS_ERROR_NOT_INITIALIZED: 

###!!! [Child][RunMessage] Error: Channel closing: too late to send/recv, messages will be lost

1621716213715	geckodriver	INFO	Listening on 127.0.0.1:49483
1621716216723	mozrunner::runner	INFO	Running command: "C:\\Program Files\\Mozilla Firefox\\firefox.exe" "--marionette" "-foreground" "-no-remote" "-profile" "C:\\Users\\ADMINI~1\\AppData\\Local\\Temp\\2\\rust_mozprofilePSBMUe"
1621716217059	Marionette	INFO	Marionette enabled
console.warn: SearchSettings: "get: No settings file exists, new profile?" (new Error("", "(unknown module)"))
1621716218188	Marionette	INFO	Listening on port 49491
1621716218375	Marionette	WARN	TLS certificate errors will be ignored for this session
JavaScript error: , line 0: NS_ERROR_NOT_AVAILABLE
1621739650688	Marionette	INFO	Stopped listening on port 49491
1621826205296	geckodriver	INFO	Listening on 127.0.0.1:56845
1621826208312	mozrunner::runner	INFO	Running command: "C:\\Program Files\\Mozilla Firefox\\firefox.exe" "--marionette" "-foreground" "-no-remote" "-profile" "C:\\Users\\ADMINI~1\\AppData\\Local\\Temp\\2\\rust_mozprofileZKXOri"
1621826208660	Marionette	INFO	Marionette enabled
console.warn: SearchSettings: "get: No settings file exists, new profile?" (new Error("", "(unknown module)"))
1621826209945	Marionette	INFO	Listening on port 56853
1621826209978	Marionette	WARN	TLS certificate errors will be ignored for this session
1621826213411	Marionette	WARN	TimedPromise timed out after 500 ms: stacktrace:
TimedPromise/<@chrome://marionette/content/sync.js:237:19
TimedPromise@chrome://marionette/content/sync.js:222:10
interaction.flushEventLoop@chrome://marionette/content/interaction.js:431:10
webdriverClickElement@chrome://marionette/content/interaction.js:179:31
send@https://admin-demo.nopcommerce.com/lib_npm/jquery/jquery.min.js:2:82613
ajax@https://admin-demo.nopcommerce.com/lib_npm/jquery/jquery.min.js:2:78223
s.ajax@https://admin-demo.nopcommerce.com/lib_npm/jquery-migrate/jquery-migrate.min.js:2:3931
init@https://admin-demo.nopcommerce.com/js/admin.navigation.js:59:11
initOnce@https://admin-demo.nopcommerce.com/js/admin.navigation.js:93:17
init@https://admin-demo.nopcommerce.com/js/admin.search.js:75:30
@https://admin-demo.nopcommerce.com/admin/:158:46
e@https://admin-demo.nopcommerce.com/lib_npm/jquery/jquery.min.js:2:30005
l/</t<@https://admin-demo.nopcommerce.com/lib_npm/jquery/jquery.min.js:2:30307
JavaScript error: , line 0: NS_ERROR_NOT_AVAILABLE
JavaScript error: , line 0: NS_ERROR_NOT_AVAILABLE
JavaScript error: , line 0: NS_ERROR_NOT_AVAILABLE
JavaScript error: , line 0: NS_ERROR_NOT_AVAILABLE
JavaScript error: , line 0: NS_ERROR_NOT_AVAILABLE
JavaScript error: , line 0: NS_ERROR_NOT_AVAILABLE
INFO	Marionette enabled
console.warn: SearchSettings: "get: No settings file exists, new profile?" (new Error("", "(unknown module)"))
1621826321095	Marionette	INFO	Listening on port 56947
1621826321254	Marionette	WARN	TLS certificate errors will be ignored for this session
1621826324932	Marionette	WARN	TimedPromise timed out after 500 ms: stacktrace:
TimedPromise/<@chrome://marionette/content/sync.js:237:19
TimedPromise@chrome://marionette/content/sync.js:222:10
interaction.flushEventLoop@chrome://marionette/content/interaction.js:431:10
webdriverClickElement@chrome://marionette/content/interaction.js:179:31
send@https://admin-demo.nopcommerce.com/lib_npm/jquery/jquery.min.js:2:82613
ajax@https://admin-demo.nopcommerce.com/lib_npm/jquery/jquery.min.js:2:78223
s.ajax@https://admin-demo.nopcommerce.com/lib_npm/jquery-migrate/jquery-migrate.min.js:2:3931
init@https://admin-demo.nopcommerce.com/js/admin.navigation.js:59:11
initOnce@https://admin-demo.nopcommerce.com/js/admin.navigation.js:93:17
init@https://admin-demo.nopcommerce.com/js/admin.search.js:75:30
@https://admin-demo.nopcommerce.com/admin/:158:46
e@https://admin-demo.nopcommerce.com/lib_npm/jquery/jquery.min.js:2:30005
l/</t<@https://admin-demo.nopcommerce.com/lib_npm/jquery/jquery.min.js:2:30307
JavaScript error: , line 0: NS_ERROR_NOT_AVAILABLE
JavaScript error: , line 0: NS_ERROR_NOT_AVAILABLE
JavaScript error: , line 0: NS_ERROR_NOT_AVAILABLE
JavaScript error: , line 0: NS_ERROR_NOT_AVAILABLE
JavaScript error: , line 0: NS_ERROR_NOT_AVAILABLE
JavaScript error: , line 0: NS_ERROR_NOT_AVAILABLE
